<?xml version="1.0" encoding="utf-8"?><testsuites name="pytest tests"><testsuite name="pytest" errors="0" failures="0" skipped="0" tests="6" time="0.988" timestamp="2026-07-07T23:22:55.064518+00:00" hostname="agent-env-c1e7890f-2532-4667-a9df-0b1d14fa9c8f"><testcase classname="tests.test_leads_api.TestLeads" name="test_create_lead_success" time="0.181" /><testcase classname="tests.test_leads_api.TestHealth" name="test_api_root" time="0.153" /><testcase classname="tests.test_leads_api.TestLeads" name="test_create_lead_and_verify_persistence_via_get" time="0.091" /><testcase classname="tests.test_leads_api.TestLeads" name="test_create_lead_missing_fields_returns_422" time="0.043" /><testcase classname="tests.test_leads_api.TestLeads" name="test_create_lead_empty_body_returns_422" time="0.042" /><testcase classname="tests.test_leads_api.TestLeads" name="test_get_leads_returns_list" time="0.046" /></testsuite></testsuites>